<?xml version="1.0" encoding="UTF-8"?>
<!-- Generated by org.testng.reporters.JUnitReportReporter -->
<testsuite hostname="DESKTOP-UB5OQL7" name="testcases.VerifyHomePage" tests="1" failures="0" timestamp="4 Jan 2018 21:35:02 GMT" time="10.886" errors="0">
  <testcase name="testHomePage" time="10.886" classname="testcases.VerifyHomePage"/>
</testsuite> <!-- testcases.VerifyHomePage -->
