<?xml version="1.0" encoding="UTF-8"?>
<!-- Generated by org.testng.reporters.JUnitReportReporter -->
<testsuite hostname="DESKTOP-UB5OQL7" name="testcases.VerifyLoginPagewithReports" tests="1" failures="0" timestamp="4 Jan 2018 23:04:18 GMT" time="21.174" errors="0">
  <testcase name="testHomePage" time="21.174" classname="testcases.VerifyLoginPagewithReports"/>
</testsuite> <!-- testcases.VerifyLoginPagewithReports -->
