<?xml version="1.0" encoding="UTF-8"?>
<!-- Generated by org.testng.reporters.JUnitReportReporter -->
<testsuite hostname="DESKTOP-UB5OQL7" name="testcases.VerifyLoginPage" tests="1" failures="0" timestamp="5 Jan 2018 09:44:55 GMT" time="29.111" errors="0">
  <testcase name="testHomePage" time="29.111" classname="testcases.VerifyLoginPage"/>
</testsuite> <!-- testcases.VerifyLoginPage -->
